C51 COMPILER V9.01   DHT111                                                                08/10/2021 20:38:09 PAGE 1   


C51 COMPILER V9.01, COMPILATION OF MODULE DHT111
OBJECT MODULE PLACED IN dht111.OBJ
COMPILER INVOKED BY: C:\Keil_v4\C51\BIN\C51.EXE dht111.c LARGE BROWSE DEBUG OBJECTEXTEND

line level    source

   1          #include "dht111.h"
   2          #include <REGX52.H>
   3          //请根据自己的 dht11 接的 IO 口来改动位定义
   4          sbit dht11 = P2^0;
   5          //防止在与硬件通信时发生死循环的计数范围
   6          #define NUMBER 20
   7          #define SIZE 5
   8          static unsigned char data status;
   9          //存放五字节数据的数组
  10          static unsigned char data value_array[SIZE];
  11          /*可在其他的文件引用温湿度值,实际是温度的整数的 10 倍
  12          如 dht11 读回的温度是 26,则 temp_value = 260, 湿度同理*/
  13          int data temp_value, humi_value;
  14          static unsigned char ReadValue(void);
  15          extern void Delay_1ms(unsigned int ms)
  16          {
  17   1       unsigned int data x, y;
  18   1       for(x = ms; x > 0; x--)
  19   1       {
  20   2       for(y = 124; y > 0; y--);
  21   2       }
  22   1      }
  23          static void DHT11_Delay_10us(void)
  24          {
  25   1       unsigned char data i;
  26   1       i--;
  27   1       i--;
  28   1       i--;
  29   1       i--;
  30   1       i--;
  31   1       i--;
  32   1      }
  33          /*读一个字节的数据*/
  34          static unsigned char DHT11_ReadValue(void)
  35          {
  36   1       unsigned char data count, value = 0, i;
  37   1       status = OK; //设定标志为正常状态
  38   1       for(i = 8; i > 0; i--)
  39   1       {
  40   2       //高位在先
  41   2       value <<= 1;
  42   2       count = 0;
  43   2       //每一位数据前会有一个 50us 的低电平时间.等待 50us 低电平结束
  44   2       while(dht11 == 0 && count++ < NUMBER);
  45   2       if(count >= NUMBER)
  46   2       {
  47   3       status = ERROR; //设定错误标志
  48   3       return 0; //函数执行过程发生错误就退出函数
  49   3       }
  50   2       //26-28us 的高电平表示该位是 0,为 70us 高电平表该位 1
  51   2       DHT11_Delay_10us();
  52   2       DHT11_Delay_10us();
  53   2       DHT11_Delay_10us();
  54   2       //延时 30us 后检测数据线是否还是高电平
  55   2       if(dht11 != 0)
C51 COMPILER V9.01   DHT111                                                                08/10/2021 20:38:09 PAGE 2   

  56   2       {
  57   3       //进入这里表示该位是 1
  58   3       value++;
  59   3       //等待剩余(约 40us)的高电平结束
  60   3       while(dht11 != 0 && count++ < NUMBER)
  61   3       {
  62   4       dht11 = 1;
  63   4       }
  64   3       if(count >= NUMBER)
  65   3       {
  66   4       status = ERROR; //设定错误标志
  67   4       return 0;
  68   4       }
  69   3       }
  70   2       }
  71   1       return (value);
  72   1      }
  73          //读温度和湿度函数，读一次的数据,共五字节，读出成功函数返回 OK, 错误返回 ERROR
  74          extern unsigned char DHT11_ReadTempAndHumi(void)
  75          {
  76   1       unsigned char data i = 0, check_value = 0,count = 0;
  77   1       EA = 0;
  78   1       dht11 = 0; //拉低数据线大于 18ms 发送开始信号
  79   1       Delay_1ms(20); //需大于 18 毫秒
  80   1       dht11 = 1; //释放数据线,用于检测低电平的应答信号
  81   1       //延时 20-40us,等待一段时间后检测应答信号,应答信号是从机拉低数据线 80us
  82   1       DHT11_Delay_10us();
  83   1       DHT11_Delay_10us();
  84   1       DHT11_Delay_10us();
  85   1       DHT11_Delay_10us(); 
  86   1       if(dht11 != 0) //检测应答信号,应答信号是低电平
  87   1       {
  88   2       //没应答信号
  89   2       EA = 1;
  90   2       return ERROR;
  91   2       }
  92   1       else
  93   1       {
  94   2       //有应答信号
  95   2       while(dht11 == 0 && count++ < NUMBER); //等待应答信号结束
  96   2       if(count >= NUMBER) //检测计数器是否超过了设定的范围
  97   2       {
  98   3       dht11 = 1;
  99   3       EA = 1;
 100   3       return ERROR; //读数据出错,退出函数
 101   3       }
 102   2       count = 0;
 103   2       dht11 = 1;//释放数据线
 104   2       //应答信号后会有一个 80us 的高电平，等待高电平结束
 105   2       while(dht11 != 0 && count++ < NUMBER);
 106   2       if(count >= NUMBER)
 107   2       {
 108   3       dht11 = 1;
 109   3       EA = 1;
 110   3       return ERROR; //退出函数
 111   3       }
 112   2       //读出湿.温度值
 113   2       for(i = 0; i < SIZE; i++)
 114   2       {
 115   3       value_array[i] = DHT11_ReadValue();
 116   3       if(status == ERROR)//调用 ReadValue()读数据出错会设定 status 为 ERROR
 117   3       {
C51 COMPILER V9.01   DHT111                                                                08/10/2021 20:38:09 PAGE 3   

 118   4       dht11 = 1;
 119   4       EA = 1;
 120   4       return ERROR;
 121   4       }
 122   3       //读出的最后一个值是校验值不需加上去
 123   3       if(i != SIZE - 1)
 124   3       {
 125   4       //读出的五字节数据中的前四字节数据和等于第五字节数据表示成功
 126   4       check_value += value_array[i];
 127   4       }
 128   3       }//end for 
 129   2       //在没用发生函数调用失败时进行校验
 130   2       if(check_value == value_array[SIZE - 1])
 131   2       {
 132   3       //将温湿度扩大 10 倍方便分离出每一位
 133   3       humi_value = value_array[0] * 10;
 134   3       temp_value = value_array[2] * 10;
 135   3       dht11 = 1;
 136   3       EA = 1;
 137   3       return OK; //正确的读出 dht11 输出的数据
 138   3       }
 139   2       else
 140   2       {
 141   3       //校验数据出错
 142   3       EA = 1;
 143   3       return ERROR;
 144   3       }
 145   2       }
 146   1      } 


MODULE INFORMATION:   STATIC OVERLAYABLE
   CODE SIZE        =    329    ----
   CONSTANT SIZE    =   ----    ----
   XDATA SIZE       =   ----    ----
   PDATA SIZE       =   ----    ----
   DATA SIZE        =     10      11
   IDATA SIZE       =   ----    ----
   BIT SIZE         =   ----    ----
END OF MODULE INFORMATION.


C51 COMPILATION COMPLETE.  0 WARNING(S),  0 ERROR(S)
