C51 COMPILER V9.01   DS1302                                                                08/10/2021 20:38:09 PAGE 1   


C51 COMPILER V9.01, COMPILATION OF MODULE DS1302
OBJECT MODULE PLACED IN DS1302.OBJ
COMPILER INVOKED BY: C:\Keil_v4\C51\BIN\C51.EXE DS1302.c LARGE BROWSE DEBUG OBJECTEXTEND

line level    source

   1          #include <REGX52.H>
   2          #include "DS1302.h"
   3          #include <intrins.h>
   4          
   5          sbit RST=P3^5;
   6          sbit IO=P3^6;
   7          sbit SCK=P3^4;
   8          
   9          
  10          //DS1302初始化函数
  11          void ds1302_init(void) 
  12          {
  13   1              RST=0;                  //RST脚置低
  14   1              SCK=0;                  //SCK脚置低
  15   1      }
  16          //向DS1302写入一字节数据
  17          void ds1302_write_byte(unsigned char addr, unsigned char d) 
  18          {
  19   1              unsigned char i;
  20   1              RST=1;                                  //启动DS1302总线        
  21   1              //写入目标地址：addr
  22   1              addr = addr & 0xFE;   //最低位置零，寄存器0位为0时写，为1时读
  23   1              for (i = 0; i < 8; i ++) {
  24   2                      if (addr & 0x01) {
  25   3                              IO=1;
  26   3                              }
  27   2                      else {
  28   3                              IO=0;
  29   3                              }
  30   2                      SCK=1;      //产生时钟
  31   2                      SCK=0;
  32   2                      addr = addr >> 1;
  33   2                      }       
  34   1              //写入数据：d
  35   1              for (i = 0; i < 8; i ++) {
  36   2                      if (d & 0x01) {
  37   3                              IO=1;
  38   3                              }
  39   2                      else {
  40   3                              IO=0;
  41   3                              }
  42   2                      SCK=1;    //产生时钟
  43   2                      SCK=0;
  44   2                      d = d >> 1;
  45   2                      }
  46   1              RST=0;          //停止DS1302总线
  47   1      }
  48          
  49          //从DS1302读出一字节数据
  50          unsigned char ds1302_read_byte(unsigned char addr) {
  51   1      
  52   1              unsigned char i,temp;   
  53   1              RST=1;                                  //启动DS1302总线
  54   1              //写入目标地址：addr
  55   1              addr = addr | 0x01;    //最低位置高，寄存器0位为0时写，为1时读
C51 COMPILER V9.01   DS1302                                                                08/10/2021 20:38:09 PAGE 2   

  56   1              for (i = 0; i < 8; i ++) {
  57   2                      if (addr & 0x01) {
  58   3                              IO=1;
  59   3                              }
  60   2                      else {
  61   3                              IO=0;
  62   3                              }
  63   2                      SCK=1;
  64   2                      SCK=0;
  65   2                      addr = addr >> 1;
  66   2                      }       
  67   1              //输出数据：temp
  68   1              for (i = 0; i < 8; i ++) {
  69   2                      temp = temp >> 1;
  70   2                      if (IO) {
  71   3                              temp |= 0x80;
  72   3                              }
  73   2                      else {
  74   3                              temp &= 0x7F;
  75   3                              }
  76   2                      SCK=1;
  77   2                      SCK=0;
  78   2                      }       
  79   1              RST=0;                                  //停止DS1302总线
  80   1              return temp;
  81   1      }
  82          


MODULE INFORMATION:   STATIC OVERLAYABLE
   CODE SIZE        =    127    ----
   CONSTANT SIZE    =   ----    ----
   XDATA SIZE       =   ----    ----
   PDATA SIZE       =   ----    ----
   DATA SIZE        =   ----    ----
   IDATA SIZE       =   ----    ----
   BIT SIZE         =   ----    ----
END OF MODULE INFORMATION.


C51 COMPILATION COMPLETE.  0 WARNING(S),  0 ERROR(S)
